  [1m[35m (171.9ms)[0m  [1m[35mCREATE DATABASE "amezon_development" ENCODING = 'unicode'[0m
  ↳ bin/rails:9
  [1m[35m (63.4ms)[0m  [1m[35mCREATE DATABASE "amezon_test" ENCODING = 'unicode'[0m
  ↳ bin/rails:9
Started GET "/" for ::1 at 2020-02-04 20:43:49 -0500

ActiveRecord::PendingMigrationError - Migrations are pending. To resolve this issue, run:

        bin/rails db:migrate RAILS_ENV=development

:

Started POST "/__better_errors/b90c56a1fa6d62e5/variables" for ::1 at 2020-02-04 20:43:49 -0500
Started GET "/" for ::1 at 2020-02-04 20:44:43 -0500

ActiveRecord::PendingMigrationError - Migrations are pending. To resolve this issue, run:

        bin/rails db:migrate RAILS_ENV=development

:

Started POST "/__better_errors/c558b3b2829f5bdc/variables" for ::1 at 2020-02-04 20:44:43 -0500
Started GET "/Users/keemie/Desktop/aA-homeworks/W11D1/giphy/index.html" for ::1 at 2020-02-04 20:45:52 -0500

ActiveRecord::PendingMigrationError - Migrations are pending. To resolve this issue, run:

        bin/rails db:migrate RAILS_ENV=development

:

Started POST "/__better_errors/f6c4be9b3fc53977/variables" for ::1 at 2020-02-04 20:45:52 -0500
  [1m[35m (87.3ms)[0m  [1m[35mCREATE TABLE "schema_migrations" ("version" character varying NOT NULL PRIMARY KEY)[0m
  ↳ bin/rails:9
  [1m[35m (5.8ms)[0m  [1m[35mCREATE TABLE "ar_internal_metadata" ("key" character varying NOT NULL PRIMARY KEY, "value" character varying, "created_at" timestamp NOT NULL, "updated_at" timestamp NOT NULL)[0m
  ↳ bin/rails:9
  [1m[35m (1.4ms)[0m  [1m[34mSELECT pg_try_advisory_lock(7973348893695708285)[0m
  ↳ bin/rails:9
  [1m[35m (2.8ms)[0m  [1m[34mSELECT "schema_migrations"."version" FROM "schema_migrations" ORDER BY "schema_migrations"."version" ASC[0m
  ↳ bin/rails:9
Migrating to CreateTables (20200204145500)
  [1m[35m (0.4ms)[0m  [1m[34mSELECT pg_advisory_unlock(7973348893695708285)[0m
  ↳ bin/rails:9
  [1m[35m (0.1ms)[0m  [1m[34mSELECT pg_try_advisory_lock(7973348893695708285)[0m
  ↳ bin/rails:9
  [1m[35m (0.8ms)[0m  [1m[34mSELECT "schema_migrations"."version" FROM "schema_migrations" ORDER BY "schema_migrations"."version" ASC[0m
  ↳ bin/rails:9
Migrating to CreateTables (20200204145500)
  [1m[35m (0.3ms)[0m  [1m[34mSELECT pg_advisory_unlock(7973348893695708285)[0m
  ↳ bin/rails:9
  [1m[35m (0.1ms)[0m  [1m[34mSELECT pg_try_advisory_lock(7973348893695708285)[0m
  ↳ bin/rails:9
  [1m[35m (0.6ms)[0m  [1m[34mSELECT "schema_migrations"."version" FROM "schema_migrations" ORDER BY "schema_migrations"."version" ASC[0m
  ↳ bin/rails:9
Migrating to CreateTables (20200204145500)
  [1m[35m (1.2ms)[0m  [1m[35mBEGIN[0m
  ↳ bin/rails:9
  [1m[35m (12.2ms)[0m  [1m[35mCREATE TABLE "users" ("id" bigserial primary key, "username" character varying NOT NULL, "email" character varying NOT NULL, "password_digest" character varying NOT NULL, "session_token" character varying NOT NULL, "created_at" timestamp NOT NULL, "updated_at" timestamp NOT NULL)[0m
  ↳ db/migrate/20200204145500_create_tables.rb:3
  [1m[35m (0.9ms)[0m  [1m[35mCREATE UNIQUE INDEX  "index_users_on_username" ON "users"  ("username")[0m
  ↳ db/migrate/20200204145500_create_tables.rb:11
  [1m[35m (1.3ms)[0m  [1m[35mCREATE UNIQUE INDEX  "index_users_on_email" ON "users"  ("email")[0m
  ↳ db/migrate/20200204145500_create_tables.rb:12
  [1m[35m (1.0ms)[0m  [1m[35mCREATE UNIQUE INDEX  "index_users_on_session_token" ON "users"  ("session_token")[0m
  ↳ db/migrate/20200204145500_create_tables.rb:13
  [1m[36mActiveRecord::SchemaMigration Create (3.2ms)[0m  [1m[32mINSERT INTO "schema_migrations" ("version") VALUES ($1) RETURNING "version"[0m  [["version", "20200204145500"]]
  ↳ bin/rails:9
  [1m[35m (0.7ms)[0m  [1m[35mCOMMIT[0m
  ↳ bin/rails:9
  [1m[36mActiveRecord::InternalMetadata Load (0.5ms)[0m  [1m[34mSELECT  "ar_internal_metadata".* FROM "ar_internal_metadata" WHERE "ar_internal_metadata"."key" = $1 LIMIT $2[0m  [["key", "environment"], ["LIMIT", 1]]
  ↳ bin/rails:9
  [1m[35m (0.2ms)[0m  [1m[35mBEGIN[0m
  ↳ bin/rails:9
  [1m[36mActiveRecord::InternalMetadata Create (1.6ms)[0m  [1m[32mINSERT INTO "ar_internal_metadata" ("key", "value", "created_at", "updated_at") VALUES ($1, $2, $3, $4) RETURNING "key"[0m  [["key", "environment"], ["value", "development"], ["created_at", "2020-02-05 04:08:26.159751"], ["updated_at", "2020-02-05 04:08:26.159751"]]
  ↳ bin/rails:9
  [1m[35m (0.3ms)[0m  [1m[35mCOMMIT[0m
  ↳ bin/rails:9
  [1m[35m (0.4ms)[0m  [1m[34mSELECT pg_advisory_unlock(7973348893695708285)[0m
  ↳ bin/rails:9
  [1m[35m (0.9ms)[0m  [1m[34mSELECT "schema_migrations"."version" FROM "schema_migrations" ORDER BY "schema_migrations"."version" ASC[0m
  ↳ bin/rails:9
  [1m[35m (0.7ms)[0m  [1m[34mSELECT "schema_migrations"."version" FROM "schema_migrations" ORDER BY "schema_migrations"."version" ASC[0m
  ↳ /Users/keemie/.rbenv/versions/2.5.1/bin/annotate:23
Started GET "/" for ::1 at 2020-02-06 09:53:08 -0500
  [1m[35m (3.1ms)[0m  [1m[34mSELECT "schema_migrations"."version" FROM "schema_migrations" ORDER BY "schema_migrations"."version" ASC[0m
  ↳ /Users/keemie/.rbenv/versions/2.5.1/lib/ruby/gems/2.5.0/gems/activerecord-5.2.4.1/lib/active_record/log_subscriber.rb:98
Processing by RootController#root as HTML
  Rendering root/root.html within layouts/application
  Rendered root/root.html within layouts/application (1.4ms)
Completed 200 OK in 1466ms (Views: 1461.3ms | ActiveRecord: 0.0ms)


Started GET "/" for ::1 at 2020-02-06 10:33:57 -0500
Processing by RootController#root as HTML
  Rendering root/root.html within layouts/application
  Rendered root/root.html within layouts/application (1.8ms)
Completed 200 OK in 380ms (Views: 377.1ms | ActiveRecord: 0.0ms)


Started GET "/" for ::1 at 2020-02-06 10:34:31 -0500
Processing by RootController#root as HTML
  Rendering root/root.html within layouts/application
  Rendered root/root.html within layouts/application (0.4ms)
Completed 200 OK in 347ms (Views: 346.2ms | ActiveRecord: 0.0ms)


Started GET "/" for ::1 at 2020-02-06 10:58:11 -0500
Processing by RootController#root as HTML
  Rendering root/root.html within layouts/application
  Rendered root/root.html within layouts/application (1.0ms)
Completed 200 OK in 403ms (Views: 399.8ms | ActiveRecord: 0.0ms)


Started GET "/" for ::1 at 2020-02-06 11:13:58 -0500
Processing by RootController#root as HTML
  Rendering root/root.html within layouts/application
  Rendered root/root.html within layouts/application (1.2ms)
Completed 200 OK in 480ms (Views: 477.1ms | ActiveRecord: 0.0ms)


Started GET "/" for ::1 at 2020-02-06 11:14:19 -0500
Processing by RootController#root as HTML
  Rendering root/root.html within layouts/application
  Rendered root/root.html within layouts/application (0.4ms)
Completed 200 OK in 403ms (Views: 402.0ms | ActiveRecord: 0.0ms)


Started GET "/" for ::1 at 2020-02-06 11:14:26 -0500
Processing by RootController#root as HTML
  Rendering root/root.html within layouts/application
  Rendered root/root.html within layouts/application (0.3ms)
Completed 200 OK in 23ms (Views: 22.2ms | ActiveRecord: 0.0ms)


Started GET "/" for ::1 at 2020-02-06 11:18:15 -0500
Processing by RootController#root as HTML
  Rendering root/root.html within layouts/application
  Rendered root/root.html within layouts/application (0.2ms)
Completed 200 OK in 354ms (Views: 353.8ms | ActiveRecord: 0.0ms)


Started GET "/" for ::1 at 2020-02-06 11:40:24 -0500
Processing by RootController#root as HTML
  Rendering root/root.html within layouts/application
  Rendered root/root.html within layouts/application (1.1ms)
Completed 200 OK in 386ms (Views: 382.0ms | ActiveRecord: 0.0ms)


Started GET "/" for ::1 at 2020-02-06 11:41:00 -0500
Processing by RootController#root as HTML
  Rendering root/root.html within layouts/application
  Rendered root/root.html within layouts/application (0.3ms)
Completed 200 OK in 371ms (Views: 370.2ms | ActiveRecord: 0.0ms)


Started GET "/" for ::1 at 2020-02-06 11:44:34 -0500
Processing by RootController#root as HTML
  Rendering root/root.html within layouts/application
  Rendered root/root.html within layouts/application (0.4ms)
Completed 200 OK in 479ms (Views: 477.8ms | ActiveRecord: 0.0ms)


Started GET "/" for ::1 at 2020-02-06 11:45:23 -0500
Processing by RootController#root as HTML
  Rendering root/root.html within layouts/application
  Rendered root/root.html within layouts/application (0.4ms)
Completed 200 OK in 410ms (Views: 409.8ms | ActiveRecord: 0.0ms)


Started GET "/" for ::1 at 2020-02-06 11:57:11 -0500
Processing by RootController#root as HTML
  Rendering root/root.html within layouts/application
  Rendered root/root.html within layouts/application (1.3ms)
Completed 200 OK in 414ms (Views: 410.6ms | ActiveRecord: 0.0ms)


Started GET "/" for ::1 at 2020-02-06 14:00:50 -0500
Processing by RootController#root as HTML
  Rendering root/root.html within layouts/application
  Rendered root/root.html within layouts/application (1.3ms)
Completed 200 OK in 452ms (Views: 448.0ms | ActiveRecord: 0.0ms)


Started GET "/" for ::1 at 2020-02-06 14:02:05 -0500
Processing by RootController#root as HTML
  Rendering root/root.html within layouts/application
  Rendered root/root.html within layouts/application (0.4ms)
Completed 200 OK in 402ms (Views: 401.1ms | ActiveRecord: 0.0ms)


Started GET "/" for ::1 at 2020-02-06 14:04:35 -0500
Processing by RootController#root as HTML
  Rendering root/root.html within layouts/application
  Rendered root/root.html within layouts/application (0.5ms)
Completed 200 OK in 41ms (Views: 40.5ms | ActiveRecord: 0.0ms)


Started GET "/" for ::1 at 2020-02-06 14:07:43 -0500
Processing by RootController#root as HTML
  Rendering root/root.html within layouts/application
  Rendered root/root.html within layouts/application (0.4ms)
Completed 200 OK in 431ms (Views: 430.5ms | ActiveRecord: 0.0ms)


Started GET "/" for ::1 at 2020-02-06 14:08:02 -0500
Processing by RootController#root as HTML
  Rendering root/root.html within layouts/application
  Rendered root/root.html within layouts/application (0.3ms)
Completed 200 OK in 69ms (Views: 67.3ms | ActiveRecord: 0.0ms)


Started GET "/" for ::1 at 2020-02-06 14:08:28 -0500
Processing by RootController#root as HTML
  Rendering root/root.html within layouts/application
  Rendered root/root.html within layouts/application (0.5ms)
Completed 200 OK in 24ms (Views: 23.3ms | ActiveRecord: 0.0ms)


Started GET "/" for ::1 at 2020-02-06 14:09:03 -0500
Processing by RootController#root as HTML
  Rendering root/root.html within layouts/application
  Rendered root/root.html within layouts/application (0.3ms)
Completed 200 OK in 355ms (Views: 354.7ms | ActiveRecord: 0.0ms)


Started GET "/" for ::1 at 2020-02-06 14:09:08 -0500
Processing by RootController#root as HTML
  Rendering root/root.html within layouts/application
  Rendered root/root.html within layouts/application (0.3ms)
Completed 200 OK in 44ms (Views: 43.3ms | ActiveRecord: 0.0ms)


Started POST "/api/users" for ::1 at 2020-02-06 14:09:27 -0500
Processing by Api::UsersController#create as JSON
  Parameters: {"user"=>{"email"=>"test1@a.a", "username"=>"test1", "password"=>"[FILTERED]"}}
  [1m[35m (1.0ms)[0m  [1m[35mBEGIN[0m
  ↳ app/controllers/api/users_controller.rb:4
  [1m[36mUser Exists (11.7ms)[0m  [1m[34mSELECT  1 AS one FROM "users" WHERE "users"."username" = $1 LIMIT $2[0m  [["username", "test1"], ["LIMIT", 1]]
  ↳ app/controllers/api/users_controller.rb:4
  [1m[36mUser Exists (0.4ms)[0m  [1m[34mSELECT  1 AS one FROM "users" WHERE "users"."email" = $1 LIMIT $2[0m  [["email", "test1@a.a"], ["LIMIT", 1]]
  ↳ app/controllers/api/users_controller.rb:4
  [1m[36mUser Exists (3.4ms)[0m  [1m[34mSELECT  1 AS one FROM "users" WHERE "users"."session_token" = $1 LIMIT $2[0m  [["session_token", "IbFs8BOyu-kmeoG1CvUx8Q"], ["LIMIT", 1]]
  ↳ app/controllers/api/users_controller.rb:4
  [1m[36mUser Create (10.3ms)[0m  [1m[32mINSERT INTO "users" ("username", "email", "password_digest", "session_token", "created_at", "updated_at") VALUES ($1, $2, $3, $4, $5, $6) RETURNING "id"[0m  [["username", "test1"], ["email", "test1@a.a"], ["password_digest", "$2a$12$SXnvqvRJf/MUBwgtlWEA4e7PLIJk03iLoIrwJNy16NHsMHFHQ7BL6"], ["session_token", "IbFs8BOyu-kmeoG1CvUx8Q"], ["created_at", "2020-02-06 19:09:27.425872"], ["updated_at", "2020-02-06 19:09:27.425872"]]
  ↳ app/controllers/api/users_controller.rb:4
  [1m[35m (2.2ms)[0m  [1m[35mCOMMIT[0m
  ↳ app/controllers/api/users_controller.rb:4
Completed 500 Internal Server Error in 462ms (ActiveRecord: 56.9ms)



NoMethodError - undefined method `login' for #<Api::UsersController:0x00007ff88ab4f2a0>
Did you mean?  log_in:
  app/controllers/api/users_controller.rb:5:in `create'

  [1m[36mUser Load (2.1ms)[0m  [1m[34mSELECT "users".* FROM "users"[0m
Started POST "/api/users" for ::1 at 2020-02-06 14:10:50 -0500
Processing by Api::UsersController#create as JSON
  Parameters: {"user"=>{"email"=>"test2@a.a", "username"=>"test2", "password"=>"[FILTERED]"}}
  [1m[35m (0.2ms)[0m  [1m[35mBEGIN[0m
  ↳ app/controllers/api/users_controller.rb:4
  [1m[36mUser Exists (1.5ms)[0m  [1m[34mSELECT  1 AS one FROM "users" WHERE "users"."username" = $1 LIMIT $2[0m  [["username", "test2"], ["LIMIT", 1]]
  ↳ app/controllers/api/users_controller.rb:4
  [1m[36mUser Exists (0.3ms)[0m  [1m[34mSELECT  1 AS one FROM "users" WHERE "users"."email" = $1 LIMIT $2[0m  [["email", "test2@a.a"], ["LIMIT", 1]]
  ↳ app/controllers/api/users_controller.rb:4
  [1m[36mUser Exists (0.8ms)[0m  [1m[34mSELECT  1 AS one FROM "users" WHERE "users"."session_token" = $1 LIMIT $2[0m  [["session_token", "CzWCa7HdWsq8KyqhhO_3pA"], ["LIMIT", 1]]
  ↳ app/controllers/api/users_controller.rb:4
  [1m[36mUser Create (0.4ms)[0m  [1m[32mINSERT INTO "users" ("username", "email", "password_digest", "session_token", "created_at", "updated_at") VALUES ($1, $2, $3, $4, $5, $6) RETURNING "id"[0m  [["username", "test2"], ["email", "test2@a.a"], ["password_digest", "$2a$12$lL97DiJMTj48UVpOZeavbuvyqZxVYu1whdP/MiwNO2swn4bMsLkfG"], ["session_token", "CzWCa7HdWsq8KyqhhO_3pA"], ["created_at", "2020-02-06 19:10:51.052513"], ["updated_at", "2020-02-06 19:10:51.052513"]]
  ↳ app/controllers/api/users_controller.rb:4
  [1m[35m (0.7ms)[0m  [1m[35mCOMMIT[0m
  ↳ app/controllers/api/users_controller.rb:4
  [1m[35m (0.1ms)[0m  [1m[35mBEGIN[0m
  ↳ app/models/user.rb:52
  [1m[36mUser Exists (1.1ms)[0m  [1m[34mSELECT  1 AS one FROM "users" WHERE "users"."username" = $1 AND "users"."id" != $2 LIMIT $3[0m  [["username", "test2"], ["id", 2], ["LIMIT", 1]]
  ↳ app/models/user.rb:52
  [1m[36mUser Exists (0.3ms)[0m  [1m[34mSELECT  1 AS one FROM "users" WHERE "users"."email" = $1 AND "users"."id" != $2 LIMIT $3[0m  [["email", "test2@a.a"], ["id", 2], ["LIMIT", 1]]
  ↳ app/models/user.rb:52
  [1m[36mUser Exists (0.3ms)[0m  [1m[34mSELECT  1 AS one FROM "users" WHERE "users"."session_token" = $1 AND "users"."id" != $2 LIMIT $3[0m  [["session_token", "Iqx_j9Gr4TUtrTqQm2FP4w"], ["id", 2], ["LIMIT", 1]]
  ↳ app/models/user.rb:52
  [1m[36mUser Update (7.9ms)[0m  [1m[33mUPDATE "users" SET "session_token" = $1, "updated_at" = $2 WHERE "users"."id" = $3[0m  [["session_token", "Iqx_j9Gr4TUtrTqQm2FP4w"], ["updated_at", "2020-02-06 19:10:51.058875"], ["id", 2]]
  ↳ app/models/user.rb:52
  [1m[35m (0.5ms)[0m  [1m[35mCOMMIT[0m
  ↳ app/models/user.rb:52
  Rendering api/users/show.json.jbuilder
  Rendered api/users/_user.json.jbuilder (0.3ms)
  Rendered api/users/show.json.jbuilder (2.8ms)
Completed 200 OK in 284ms (Views: 12.3ms | ActiveRecord: 22.9ms)


  [1m[36mUser Load (0.9ms)[0m  [1m[34mSELECT "users".* FROM "users"[0m
Started GET "/" for ::1 at 2020-02-06 14:14:38 -0500
Processing by RootController#root as HTML
  Rendering root/root.html within layouts/application
  Rendered root/root.html within layouts/application (0.3ms)
Completed 200 OK in 428ms (Views: 427.2ms | ActiveRecord: 0.0ms)


Started GET "/" for ::1 at 2020-02-06 14:15:17 -0500
Processing by RootController#root as HTML
  Rendering root/root.html within layouts/application
  Rendered root/root.html within layouts/application (0.3ms)
Completed 200 OK in 355ms (Views: 354.5ms | ActiveRecord: 0.0ms)


Started GET "/" for ::1 at 2020-02-06 14:16:01 -0500
Processing by RootController#root as HTML
  Rendering root/root.html within layouts/application
  Rendered root/root.html within layouts/application (0.4ms)
Completed 200 OK in 361ms (Views: 360.3ms | ActiveRecord: 0.0ms)


Started GET "/signup" for ::1 at 2020-02-06 14:16:08 -0500
  
ActionController::RoutingError (No route matches [GET] "/signup"):
  
actionpack (5.2.4.1) lib/action_dispatch/middleware/debug_exceptions.rb:65:in `call'
web-console (3.7.0) lib/web_console/middleware.rb:135:in `call_app'
web-console (3.7.0) lib/web_console/middleware.rb:30:in `block in call'
web-console (3.7.0) lib/web_console/middleware.rb:20:in `catch'
web-console (3.7.0) lib/web_console/middleware.rb:20:in `call'
actionpack (5.2.4.1) lib/action_dispatch/middleware/show_exceptions.rb:33:in `call'
railties (5.2.4.1) lib/rails/rack/logger.rb:38:in `call_app'
railties (5.2.4.1) lib/rails/rack/logger.rb:26:in `block in call'
activesupport (5.2.4.1) lib/active_support/tagged_logging.rb:71:in `block in tagged'
activesupport (5.2.4.1) lib/active_support/tagged_logging.rb:28:in `tagged'
activesupport (5.2.4.1) lib/active_support/tagged_logging.rb:71:in `tagged'
railties (5.2.4.1) lib/rails/rack/logger.rb:26:in `call'
sprockets-rails (3.2.1) lib/sprockets/rails/quiet_assets.rb:13:in `call'
actionpack (5.2.4.1) lib/action_dispatch/middleware/remote_ip.rb:81:in `call'
actionpack (5.2.4.1) lib/action_dispatch/middleware/request_id.rb:27:in `call'
rack (2.1.2) lib/rack/method_override.rb:24:in `call'
rack (2.1.2) lib/rack/runtime.rb:24:in `call'
activesupport (5.2.4.1) lib/active_support/cache/strategy/local_cache_middleware.rb:29:in `call'
actionpack (5.2.4.1) lib/action_dispatch/middleware/executor.rb:14:in `call'
actionpack (5.2.4.1) lib/action_dispatch/middleware/static.rb:127:in `call'
rack (2.1.2) lib/rack/sendfile.rb:113:in `call'
railties (5.2.4.1) lib/rails/engine.rb:524:in `call'
puma (3.12.2) lib/puma/configuration.rb:227:in `call'
puma (3.12.2) lib/puma/server.rb:674:in `handle_request'
puma (3.12.2) lib/puma/server.rb:476:in `process_client'
puma (3.12.2) lib/puma/server.rb:334:in `block in run'
puma (3.12.2) lib/puma/thread_pool.rb:135:in `block in spawn_thread'
Started GET "/signup" for ::1 at 2020-02-06 14:18:32 -0500
  
ActionController::RoutingError (No route matches [GET] "/signup"):
  
actionpack (5.2.4.1) lib/action_dispatch/middleware/debug_exceptions.rb:65:in `call'
web-console (3.7.0) lib/web_console/middleware.rb:135:in `call_app'
web-console (3.7.0) lib/web_console/middleware.rb:30:in `block in call'
web-console (3.7.0) lib/web_console/middleware.rb:20:in `catch'
web-console (3.7.0) lib/web_console/middleware.rb:20:in `call'
actionpack (5.2.4.1) lib/action_dispatch/middleware/show_exceptions.rb:33:in `call'
railties (5.2.4.1) lib/rails/rack/logger.rb:38:in `call_app'
railties (5.2.4.1) lib/rails/rack/logger.rb:26:in `block in call'
activesupport (5.2.4.1) lib/active_support/tagged_logging.rb:71:in `block in tagged'
activesupport (5.2.4.1) lib/active_support/tagged_logging.rb:28:in `tagged'
activesupport (5.2.4.1) lib/active_support/tagged_logging.rb:71:in `tagged'
railties (5.2.4.1) lib/rails/rack/logger.rb:26:in `call'
sprockets-rails (3.2.1) lib/sprockets/rails/quiet_assets.rb:13:in `call'
actionpack (5.2.4.1) lib/action_dispatch/middleware/remote_ip.rb:81:in `call'
actionpack (5.2.4.1) lib/action_dispatch/middleware/request_id.rb:27:in `call'
rack (2.1.2) lib/rack/method_override.rb:24:in `call'
rack (2.1.2) lib/rack/runtime.rb:24:in `call'
activesupport (5.2.4.1) lib/active_support/cache/strategy/local_cache_middleware.rb:29:in `call'
actionpack (5.2.4.1) lib/action_dispatch/middleware/executor.rb:14:in `call'
actionpack (5.2.4.1) lib/action_dispatch/middleware/static.rb:127:in `call'
rack (2.1.2) lib/rack/sendfile.rb:113:in `call'
railties (5.2.4.1) lib/rails/engine.rb:524:in `call'
puma (3.12.2) lib/puma/configuration.rb:227:in `call'
puma (3.12.2) lib/puma/server.rb:674:in `handle_request'
puma (3.12.2) lib/puma/server.rb:476:in `process_client'
puma (3.12.2) lib/puma/server.rb:334:in `block in run'
puma (3.12.2) lib/puma/thread_pool.rb:135:in `block in spawn_thread'
Started GET "/" for ::1 at 2020-02-06 14:18:41 -0500
Processing by RootController#root as HTML
  Rendering root/root.html within layouts/application
  Rendered root/root.html within layouts/application (0.2ms)
Completed 200 OK in 361ms (Views: 359.2ms | ActiveRecord: 0.0ms)


Started GET "/" for ::1 at 2020-02-06 14:21:31 -0500
Processing by RootController#root as HTML
  Rendering root/root.html within layouts/application
  Rendered root/root.html within layouts/application (0.4ms)
Completed 200 OK in 390ms (Views: 389.4ms | ActiveRecord: 0.0ms)


Started POST "/api/session" for ::1 at 2020-02-06 14:21:51 -0500
Processing by Api::SessionsController#create as JSON
  Parameters: {"user"=>{"un_or_email"=>"test1", "password"=>"[FILTERED]"}}
Completed 500 Internal Server Error in 14ms (ActiveRecord: 0.0ms)



NoMethodError - undefined method `find_by_credentials' for #<Class:0x00007ff884dac198>
Did you mean?  find_in_batches:
  app/controllers/api/sessions_controller.rb:6:in `create'

Started GET "/login" for ::1 at 2020-02-06 14:22:55 -0500
  
ActionController::RoutingError (No route matches [GET] "/login"):
  
actionpack (5.2.4.1) lib/action_dispatch/middleware/debug_exceptions.rb:65:in `call'
web-console (3.7.0) lib/web_console/middleware.rb:135:in `call_app'
web-console (3.7.0) lib/web_console/middleware.rb:30:in `block in call'
web-console (3.7.0) lib/web_console/middleware.rb:20:in `catch'
web-console (3.7.0) lib/web_console/middleware.rb:20:in `call'
actionpack (5.2.4.1) lib/action_dispatch/middleware/show_exceptions.rb:33:in `call'
railties (5.2.4.1) lib/rails/rack/logger.rb:38:in `call_app'
railties (5.2.4.1) lib/rails/rack/logger.rb:26:in `block in call'
activesupport (5.2.4.1) lib/active_support/tagged_logging.rb:71:in `block in tagged'
activesupport (5.2.4.1) lib/active_support/tagged_logging.rb:28:in `tagged'
activesupport (5.2.4.1) lib/active_support/tagged_logging.rb:71:in `tagged'
railties (5.2.4.1) lib/rails/rack/logger.rb:26:in `call'
sprockets-rails (3.2.1) lib/sprockets/rails/quiet_assets.rb:13:in `call'
actionpack (5.2.4.1) lib/action_dispatch/middleware/remote_ip.rb:81:in `call'
actionpack (5.2.4.1) lib/action_dispatch/middleware/request_id.rb:27:in `call'
rack (2.1.2) lib/rack/method_override.rb:24:in `call'
rack (2.1.2) lib/rack/runtime.rb:24:in `call'
activesupport (5.2.4.1) lib/active_support/cache/strategy/local_cache_middleware.rb:29:in `call'
actionpack (5.2.4.1) lib/action_dispatch/middleware/executor.rb:14:in `call'
actionpack (5.2.4.1) lib/action_dispatch/middleware/static.rb:127:in `call'
rack (2.1.2) lib/rack/sendfile.rb:113:in `call'
railties (5.2.4.1) lib/rails/engine.rb:524:in `call'
puma (3.12.2) lib/puma/configuration.rb:227:in `call'
puma (3.12.2) lib/puma/server.rb:674:in `handle_request'
puma (3.12.2) lib/puma/server.rb:476:in `process_client'
puma (3.12.2) lib/puma/server.rb:334:in `block in run'
puma (3.12.2) lib/puma/thread_pool.rb:135:in `block in spawn_thread'
Started GET "/" for ::1 at 2020-02-06 14:24:28 -0500
Processing by RootController#root as HTML
  Rendering root/root.html within layouts/application
  Rendered root/root.html within layouts/application (0.3ms)
Completed 200 OK in 394ms (Views: 392.8ms | ActiveRecord: 0.0ms)


Started GET "/" for ::1 at 2020-02-06 14:25:09 -0500
Processing by RootController#root as HTML
  Rendering root/root.html within layouts/application
  Rendered root/root.html within layouts/application (0.3ms)
Completed 200 OK in 429ms (Views: 428.6ms | ActiveRecord: 0.0ms)


Started GET "/" for ::1 at 2020-02-06 14:27:07 -0500
Processing by RootController#root as HTML
  Rendering root/root.html within layouts/application
  Rendered root/root.html within layouts/application (0.6ms)
Completed 200 OK in 384ms (Views: 383.0ms | ActiveRecord: 0.0ms)


Started GET "/" for ::1 at 2020-02-06 14:27:18 -0500
Processing by RootController#root as HTML
  Rendering root/root.html within layouts/application
  Rendered root/root.html within layouts/application (0.3ms)
Completed 200 OK in 361ms (Views: 360.8ms | ActiveRecord: 0.0ms)


Started POST "/api/users" for ::1 at 2020-02-06 14:27:33 -0500
Processing by Api::UsersController#create as JSON
  Parameters: {"user"=>{"email"=>"test3@a.a", "username"=>"test3", "password"=>"[FILTERED]"}}
  [1m[35m (0.2ms)[0m  [1m[35mBEGIN[0m
  ↳ app/controllers/api/users_controller.rb:4
  [1m[36mUser Exists (0.5ms)[0m  [1m[34mSELECT  1 AS one FROM "users" WHERE "users"."username" = $1 LIMIT $2[0m  [["username", "test3"], ["LIMIT", 1]]
  ↳ app/controllers/api/users_controller.rb:4
  [1m[36mUser Exists (0.4ms)[0m  [1m[34mSELECT  1 AS one FROM "users" WHERE "users"."email" = $1 LIMIT $2[0m  [["email", "test3@a.a"], ["LIMIT", 1]]
  ↳ app/controllers/api/users_controller.rb:4
  [1m[36mUser Exists (0.3ms)[0m  [1m[34mSELECT  1 AS one FROM "users" WHERE "users"."session_token" = $1 LIMIT $2[0m  [["session_token", "BRd26QDJJuGqYmkxK7IStA"], ["LIMIT", 1]]
  ↳ app/controllers/api/users_controller.rb:4
  [1m[36mUser Create (0.3ms)[0m  [1m[32mINSERT INTO "users" ("username", "email", "password_digest", "session_token", "created_at", "updated_at") VALUES ($1, $2, $3, $4, $5, $6) RETURNING "id"[0m  [["username", "test3"], ["email", "test3@a.a"], ["password_digest", "$2a$12$eL9rIX3Yvu4YIe0Rcqq4/uGzJVwZ2GFS/4kR.bW/dPU9nLy2zo58e"], ["session_token", "BRd26QDJJuGqYmkxK7IStA"], ["created_at", "2020-02-06 19:27:33.625972"], ["updated_at", "2020-02-06 19:27:33.625972"]]
  ↳ app/controllers/api/users_controller.rb:4
  [1m[35m (1.4ms)[0m  [1m[35mCOMMIT[0m
  ↳ app/controllers/api/users_controller.rb:4
  [1m[35m (0.2ms)[0m  [1m[35mBEGIN[0m
  ↳ app/models/user.rb:52
  [1m[36mUser Exists (0.9ms)[0m  [1m[34mSELECT  1 AS one FROM "users" WHERE "users"."username" = $1 AND "users"."id" != $2 LIMIT $3[0m  [["username", "test3"], ["id", 3], ["LIMIT", 1]]
  ↳ app/models/user.rb:52
  [1m[36mUser Exists (0.7ms)[0m  [1m[34mSELECT  1 AS one FROM "users" WHERE "users"."email" = $1 AND "users"."id" != $2 LIMIT $3[0m  [["email", "test3@a.a"], ["id", 3], ["LIMIT", 1]]
  ↳ app/models/user.rb:52
  [1m[36mUser Exists (1.1ms)[0m  [1m[34mSELECT  1 AS one FROM "users" WHERE "users"."session_token" = $1 AND "users"."id" != $2 LIMIT $3[0m  [["session_token", "x4pcnRiqdHrXFamvvuzxHw"], ["id", 3], ["LIMIT", 1]]
  ↳ app/models/user.rb:52
  [1m[36mUser Update (0.4ms)[0m  [1m[33mUPDATE "users" SET "session_token" = $1, "updated_at" = $2 WHERE "users"."id" = $3[0m  [["session_token", "x4pcnRiqdHrXFamvvuzxHw"], ["updated_at", "2020-02-06 19:27:33.641968"], ["id", 3]]
  ↳ app/models/user.rb:52
  [1m[35m (0.3ms)[0m  [1m[35mCOMMIT[0m
  ↳ app/models/user.rb:52
  Rendering api/users/show.json.jbuilder
  Rendered api/users/_user.json.jbuilder (0.3ms)
  Rendered api/users/show.json.jbuilder (1.9ms)
Completed 200 OK in 267ms (Views: 10.3ms | ActiveRecord: 14.9ms)


Started POST "/api/session" for ::1 at 2020-02-06 14:27:46 -0500
Processing by Api::SessionsController#create as JSON
  Parameters: {"user"=>{"un_or_email"=>"test3", "password"=>"[FILTERED]"}}
  [1m[36mUser Load (2.8ms)[0m  [1m[34mSELECT  "users".* FROM "users" WHERE "users"."username" = $1 LIMIT $2[0m  [["username", "test3"], ["LIMIT", 1]]
  ↳ app/models/user.rb:28
  [1m[35m (0.2ms)[0m  [1m[35mBEGIN[0m
  ↳ app/models/user.rb:52
  [1m[36mUser Exists (0.4ms)[0m  [1m[34mSELECT  1 AS one FROM "users" WHERE "users"."username" = $1 AND "users"."id" != $2 LIMIT $3[0m  [["username", "test3"], ["id", 3], ["LIMIT", 1]]
  ↳ app/models/user.rb:52
  [1m[36mUser Exists (0.4ms)[0m  [1m[34mSELECT  1 AS one FROM "users" WHERE "users"."email" = $1 AND "users"."id" != $2 LIMIT $3[0m  [["email", "test3@a.a"], ["id", 3], ["LIMIT", 1]]
  ↳ app/models/user.rb:52
  [1m[36mUser Exists (0.6ms)[0m  [1m[34mSELECT  1 AS one FROM "users" WHERE "users"."session_token" = $1 AND "users"."id" != $2 LIMIT $3[0m  [["session_token", "WWAq8UZc6aM3MtCJvE3gSw"], ["id", 3], ["LIMIT", 1]]
  ↳ app/models/user.rb:52
  [1m[36mUser Update (0.6ms)[0m  [1m[33mUPDATE "users" SET "session_token" = $1, "updated_at" = $2 WHERE "users"."id" = $3[0m  [["session_token", "WWAq8UZc6aM3MtCJvE3gSw"], ["updated_at", "2020-02-06 19:27:46.873195"], ["id", 3]]
  ↳ app/models/user.rb:52
  [1m[35m (0.5ms)[0m  [1m[35mCOMMIT[0m
  ↳ app/models/user.rb:52
Completed 200 OK in 236ms (Views: 0.2ms | ActiveRecord: 5.9ms)


Started POST "/api/session" for ::1 at 2020-02-06 14:27:58 -0500
Processing by Api::SessionsController#create as JSON
  Parameters: {"user"=>{"un_or_email"=>"test3@a.a", "password"=>"[FILTERED]"}}
  [1m[36mUser Load (0.4ms)[0m  [1m[34mSELECT  "users".* FROM "users" WHERE "users"."email" = $1 LIMIT $2[0m  [["email", "test3@a.a"], ["LIMIT", 1]]
  ↳ app/models/user.rb:28
  [1m[35m (0.2ms)[0m  [1m[35mBEGIN[0m
  ↳ app/models/user.rb:52
  [1m[36mUser Exists (0.4ms)[0m  [1m[34mSELECT  1 AS one FROM "users" WHERE "users"."username" = $1 AND "users"."id" != $2 LIMIT $3[0m  [["username", "test3"], ["id", 3], ["LIMIT", 1]]
  ↳ app/models/user.rb:52
  [1m[36mUser Exists (0.3ms)[0m  [1m[34mSELECT  1 AS one FROM "users" WHERE "users"."email" = $1 AND "users"."id" != $2 LIMIT $3[0m  [["email", "test3@a.a"], ["id", 3], ["LIMIT", 1]]
  ↳ app/models/user.rb:52
  [1m[36mUser Exists (0.3ms)[0m  [1m[34mSELECT  1 AS one FROM "users" WHERE "users"."session_token" = $1 AND "users"."id" != $2 LIMIT $3[0m  [["session_token", "g_ChTe_D9302AfR0e-1D-g"], ["id", 3], ["LIMIT", 1]]
  ↳ app/models/user.rb:52
  [1m[36mUser Update (0.4ms)[0m  [1m[33mUPDATE "users" SET "session_token" = $1, "updated_at" = $2 WHERE "users"."id" = $3[0m  [["session_token", "g_ChTe_D9302AfR0e-1D-g"], ["updated_at", "2020-02-06 19:27:58.636070"], ["id", 3]]
  ↳ app/models/user.rb:52
  [1m[35m (0.6ms)[0m  [1m[35mCOMMIT[0m
  ↳ app/models/user.rb:52
Completed 200 OK in 227ms (Views: 0.1ms | ActiveRecord: 2.7ms)


Started GET "/" for ::1 at 2020-02-06 14:31:07 -0500
Processing by RootController#root as HTML
  Rendering root/root.html within layouts/application
  Rendered root/root.html within layouts/application (0.3ms)
Completed 200 OK in 401ms (Views: 399.3ms | ActiveRecord: 0.0ms)


Started GET "/" for ::1 at 2020-02-06 14:31:26 -0500
Processing by RootController#root as HTML
  Rendering root/root.html within layouts/application
  Rendered root/root.html within layouts/application (0.3ms)
Completed 200 OK in 377ms (Views: 376.7ms | ActiveRecord: 0.0ms)


Started GET "/" for ::1 at 2020-02-06 14:33:54 -0500
Processing by RootController#root as HTML
  Rendering root/root.html within layouts/application
  Rendered root/root.html within layouts/application (0.3ms)
Completed 200 OK in 396ms (Views: 395.1ms | ActiveRecord: 0.0ms)


Started GET "/" for ::1 at 2020-02-06 14:36:28 -0500
Processing by RootController#root as HTML
  Rendering root/root.html within layouts/application
  Rendered root/root.html within layouts/application (1.4ms)
Completed 200 OK in 426ms (Views: 419.3ms | ActiveRecord: 0.0ms)


Started GET "/" for ::1 at 2020-02-06 14:48:53 -0500
Processing by RootController#root as HTML
  Rendering root/root.html within layouts/application
  Rendered root/root.html within layouts/application (2.1ms)
Completed 200 OK in 486ms (Views: 480.4ms | ActiveRecord: 0.0ms)


